<?xml version="1.0" encoding="UTF-8"?>
<testsuite xmlns:xsi="http://www.w3.org/2001/XMLSchema-instance" xsi:noNamespaceSchemaLocation="https://maven.apache.org/surefire/maven-surefire-plugin/xsd/surefire-test-report.xsd" version="3.0.2" name="com.aicodereview.aireview.service.SeverityScorerTest" time="0.269" tests="6" errors="0" skipped="0" failures="0">
  <properties>
[...]
</properties>
  <testcase name="score_codeStyleLow_stays_low" classname="com.aicodereview.aireview.service.SeverityScorerTest" time="0.221"/>
  <testcase name="score_securityCategory_alwaysHigh" classname="com.aicodereview.aireview.service.SeverityScorerTest" time="0.016">
    <system-out><![CDATA[17:35:35.745 [main] INFO com.aicodereview.review.service.SeverityScorer -- Severity overridden — file: Test.java, LOW → HIGH, category: SECURITY → SECURITY
]]></system-out>
  </testcase>
  <testcase name="score_nullResult_returnsNull" classname="com.aicodereview.aireview.service.SeverityScorerTest" time="0.0"/>
  <testcase name="score_hardcodedPasswordKeyword_forcesHigh" classname="com.aicodereview.aireview.service.SeverityScorerTest" time="0.016">
    <system-out><![CDATA[17:35:35.761 [main] INFO com.aicodereview.review.service.SeverityScorer -- Severity overridden — file: Test.java, LOW → HIGH, category: CODE_STYLE → SECURITY
]]></system-out>
  </testcase>
  <testcase name="score_sqlInjectionKeyword_forcesHigh" classname="com.aicodereview.aireview.service.SeverityScorerTest" time="0.012">
    <system-out><![CDATA[17:35:35.771 [main] INFO com.aicodereview.review.service.SeverityScorer -- Severity overridden — file: Test.java, MEDIUM → HIGH, category: BUG → SECURITY
]]></system-out>
  </testcase>
  <testcase name="score_highSecurity_noOverride_confidence1" classname="com.aicodereview.aireview.service.SeverityScorerTest" time="0.003"/>
</testsuite>