<?xml version="1.0" encoding="UTF-8"?>
<testsuite xmlns:xsi="http://www.w3.org/2001/XMLSchema-instance" xsi:noNamespaceSchemaLocation="https://maven.apache.org/surefire/maven-surefire-plugin/xsd/surefire-test-report-3.0.xsd" version="3.0" name="com.aicodereview.aireview.service.PromptTemplateServiceTest" time="0.336" tests="8" errors="0" skipped="0" failures="0">
  <properties>
[...]
</properties>
  <testcase name="buildSystemPrompt_python_containsPythonRules" classname="com.aicodereview.aireview.service.PromptTemplateServiceTest" time="0.152"/>
  <testcase name="buildUserPrompt_includesDiffContent" classname="com.aicodereview.aireview.service.PromptTemplateServiceTest" time="0.095"/>
  <testcase name="buildSystemPrompt_java_containsJavaRules" classname="com.aicodereview.aireview.service.PromptTemplateServiceTest" time="0.004"/>
  <testcase name="buildSystemPrompt_unknown_containsDefaultRules" classname="com.aicodereview.aireview.service.PromptTemplateServiceTest" time="0.004"/>
  <testcase name="buildSystemPrompt_alwaysContainsOutputFormat" classname="com.aicodereview.aireview.service.PromptTemplateServiceTest" time="0.002"/>
  <testcase name="buildSystemPrompt_null_containsDefaultRules" classname="com.aicodereview.aireview.service.PromptTemplateServiceTest" time="0.002"/>
  <testcase name="buildSystemPrompt_withRagContext_prependsContext" classname="com.aicodereview.aireview.service.PromptTemplateServiceTest" time="0.002"/>
  <testcase name="buildUserPrompt_includesFileName" classname="com.aicodereview.aireview.service.PromptTemplateServiceTest" time="0.002"/>
</testsuite>