<?xml version="1.0" encoding="UTF-8"?>
<testsuite xmlns:xsi="http://www.w3.org/2001/XMLSchema-instance" xsi:noNamespaceSchemaLocation="https://maven.apache.org/surefire/maven-surefire-plugin/xsd/surefire-test-report.xsd" version="3.0.2" name="com.aicodereview.fetch.util.CodeChunkerTest" time="0.535" tests="7" errors="0" skipped="0" failures="0">
  <properties>
[...]
</properties>
  <testcase name="chunk_largeFile_returnsMultipleChunks" classname="com.aicodereview.fetch.util.CodeChunkerTest" time="0.374"/>
  <testcase name="chunk_smallFile_returnsSingleChunk" classname="com.aicodereview.fetch.util.CodeChunkerTest" time="0.043"/>
  <testcase name="chunk_eachChunk_withinSizeLimit" classname="com.aicodereview.fetch.util.CodeChunkerTest" time="0.006"/>
  <testcase name="needsChunking_null_returnsFalse" classname="com.aicodereview.fetch.util.CodeChunkerTest" time="0.002"/>
  <testcase name="chunk_largeFile_noContentLost" classname="com.aicodereview.fetch.util.CodeChunkerTest" time="0.002"/>
  <testcase name="needsChunking_largeContent_returnsTrue" classname="com.aicodereview.fetch.util.CodeChunkerTest" time="0.004"/>
  <testcase name="needsChunking_smallContent_returnsFalse" classname="com.aicodereview.fetch.util.CodeChunkerTest" time="0.0"/>
</testsuite>