<?xml version="1.0" encoding="UTF-8"?>
<testsuite xmlns:xsi="http://www.w3.org/2001/XMLSchema-instance" xsi:noNamespaceSchemaLocation="https://maven.apache.org/surefire/maven-surefire-plugin/xsd/surefire-test-report-3.0.xsd" version="3.0" name="com.aicodereview.storage.service.ReviewStorageServiceIntegrationTest" time="0.014" tests="6" errors="0" skipped="6" failures="0">
  <properties/>
  <testcase name="saveReview_persistsToDatabase" classname="com.aicodereview.storage.service.ReviewStorageServiceIntegrationTest" time="0.0">
    <skipped message="disabledWithoutDocker is true and Docker is not available"/>
    <system-out><![CDATA[17:35:56.602 [main] INFO org.testcontainers.DockerClientFactory -- Testcontainers version: 1.21.0
17:35:58.223 [main] INFO org.testcontainers.dockerclient.DockerMachineClientProviderStrategy -- docker-machine executable was not found on PATH ([c:\Users\Nikhil\AppData\Roaming\Code\User\globalStorage\github.copilot-chat\debugCommand, c:\Users\Nikhil\AppData\Roaming\Code\User\globalStorage\github.copilot-chat\copilotCli, D:\IDEs\Microsoft VS Code, C:\Program Files\Java\jdk-21.0.10\bin, C:\WINDOWS\System32\WindowsPowerShell\v1.0\, C:\WINDOWS\System32\OpenSSH\, C:\Program Files\Git\cmd, C:\ProgramData\chocolatey\bin, C:\Users\Nikhil\AppData\Roaming\nvm, C:\Program Files\nodejs, C:\Program Files\Apache\Maven\apache-maven-3.9.14\bin, C:\Program Files\Docker\Docker\resources\bin, C:\WINDOWS\system32, C:\WINDOWS, C:\WINDOWS\System32\Wbem, C:\Program Files\k6\, C:\Users\Nikhil\AppData\Local\Programs\Python\Python310\Scripts\, C:\Users\Nikhil\AppData\Local\Programs\Python\Python310\, C:\Program Files\MySQL\MySQL Shell 8.0\bin\, C:\Users\Nikhil\AppData\Local\Microsoft\WindowsApps, D:\IDEs\Microsoft VS Code\bin, C:\wget, C:\Users\Nikhil\AppData\Roaming\npm, C:\Users\Nikhil\AppData\Roaming\nvm, C:\Program Files\nodejs, C:\Program Files\JetBrains\IntelliJ IDEA Community Edition 2024.3.3\bin, , C:\Program Files\Apache\Maven\apache-maven-3.9.14\bin, C:\Program Files\Java\jdk-21.0.10\bin, c:\Users\Nikhil\.vscode\extensions\vscjava.vscode-java-debug-0.59.0\bundled\scripts\noConfigScripts])
17:35:58.223 [main] ERROR org.testcontainers.dockerclient.DockerClientProviderStrategy -- Could not find a valid Docker environment. Please check configuration. Attempted configurations were:
	NpipeSocketClientProviderStrategy: failed with exception BadRequestException (Status 400: {"ID":"","Containers":0,"ContainersRunning":0,"ContainersPaused":0,"ContainersStopped":0,"Images":0,"Driver":"","DriverStatus":null,"Plugins":{"Volume":null,"Network":null,"Authorization":null,"Log":null},"MemoryLimit":false,"SwapLimit":false,"CpuCfsPeriod":false,"CpuCfsQuota":false,"CPUShares":false,"CPUSet":false,"PidsLimit":false,"IPv4Forwarding":false,"Debug":false,"NFd":0,"OomKillDisable":false,"NGoroutines":0,"SystemTime":"","LoggingDriver":"","CgroupDriver":"","NEventsListener":0,"KernelVersion":"","OperatingSystem":"","OSVersion":"","OSType":"","Architecture":"","IndexServerAddress":"","RegistryConfig":null,"NCPU":0,"MemTotal":0,"GenericResources":null,"DockerRootDir":"","HttpProxy":"","HttpsProxy":"","NoProxy":"","Name":"","Labels":["com.docker.desktop.address=npipe://\\\\.\\pipe\\docker_cli"],"ExperimentalBuild":false,"ServerVersion":"","Runtimes":null,"DefaultRuntime":"","Swarm":{"NodeID":"","NodeAddr":"","LocalNodeState":"","ControlAvailable":false,"Error":"","RemoteManagers":null},"LiveRestoreEnabled":false,"Isolation":"","InitBinary":"","ContainerdCommit":{"ID":""},"RuncCommit":{"ID":""},"InitCommit":{"ID":""},"SecurityOptions":null,"CDISpecDirs":null,"Warnings":null})As no valid configuration was found, execution cannot continue.
See https://java.testcontainers.org/on_failure.html for more details.
]]></system-out>
  </testcase>
  <testcase name="saveMultipleReviews_countCorrect" classname="com.aicodereview.storage.service.ReviewStorageServiceIntegrationTest" time="0.0">
    <skipped message="disabledWithoutDocker is true and Docker is not available"/>
  </testcase>
  <testcase name="saveReview_canBeQueryedBack" classname="com.aicodereview.storage.service.ReviewStorageServiceIntegrationTest" time="0.0">
    <skipped message="disabledWithoutDocker is true and Docker is not available"/>
  </testcase>
  <testcase name="getSummaryByPR_correctCounts" classname="com.aicodereview.storage.service.ReviewStorageServiceIntegrationTest" time="0.0">
    <skipped message="disabledWithoutDocker is true and Docker is not available"/>
  </testcase>
  <testcase name="getReviewsByPR_returnsCorrectDTOs" classname="com.aicodereview.storage.service.ReviewStorageServiceIntegrationTest" time="0.0">
    <skipped message="disabledWithoutDocker is true and Docker is not available"/>
  </testcase>
  <testcase name="saveReview_statusDefaultsToOpen" classname="com.aicodereview.storage.service.ReviewStorageServiceIntegrationTest" time="0.0">
    <skipped message="disabledWithoutDocker is true and Docker is not available"/>
  </testcase>
</testsuite>