<?xml version="1.0" encoding="UTF-8"?>
<testsuite xmlns:xsi="http://www.w3.org/2001/XMLSchema-instance" xsi:noNamespaceSchemaLocation="https://maven.apache.org/surefire/maven-surefire-plugin/xsd/surefire-test-report.xsd" version="3.0.2" name="com.aicodereview.webhook.e2e.WebhookE2ETest" time="46.789" tests="4" errors="0" skipped="0" failures="0">
  <properties>
[...]
</properties>
  <testcase name="webhook_wrongEvent_ignoredReturns200" classname="com.aicodereview.webhook.e2e.WebhookE2ETest" time="12.121">
    <system-out><![CDATA[17:33:51.096 [main] INFO org.springframework.test.context.support.AnnotationConfigContextLoaderUtils -- Could not detect default configuration classes for test class [com.aicodereview.webhook.e2e.WebhookE2ETest]: WebhookE2ETest does not declare any static, non-private, non-final, nested classes annotated with @Configuration.
17:33:51.539 [main] INFO org.springframework.boot.test.context.SpringBootTestContextBootstrapper -- Found @SpringBootConfiguration com.aicodereview.webhook.WebhookServiceApplication for test class com.aicodereview.webhook.e2e.WebhookE2ETest

  .   ____          _            __ _ _
 /\\ / ___'_ __ _ _(_)_ __  __ _ \ \ \ \
( ( )\___ | '_ | '_| | '_ \/ _` | \ \ \ \
 \\/  ___)| |_)| | | | | || (_| |  ) ) ) )
  '  |____| .__|_| |_|_| |_\__, | / / / /
 =========|_|==============|___/=/_/_/_/

 :: Spring Boot ::                (v3.5.0)

2026-05-19T17:33:54.926+05:30  INFO 12884 --- [webhook-service] [           main] c.a.webhook.e2e.WebhookE2ETest           : Starting WebhookE2ETest using Java 21.0.10 with PID 12884 (started by Nikhil in D:\Programming\Ai_Code_Review\ai-code-review-app\webhook-service)
2026-05-19T17:33:54.932+05:30  INFO 12884 --- [webhook-service] [           main] c.a.webhook.e2e.WebhookE2ETest           : The following 1 profile is active: "test"
2026-05-19T17:34:01.588+05:30  INFO 12884 --- [webhook-service] [           main] o.s.cloud.context.scope.GenericScope     : BeanFactory id=9d87119c-1863-3996-a948-4caa8b7296ff
2026-05-19T17:34:06.306+05:30  INFO 12884 --- [webhook-service] [           main] o.s.b.t.m.w.SpringBootMockServletContext : Initializing Spring TestDispatcherServlet ''
2026-05-19T17:34:06.308+05:30  INFO 12884 --- [webhook-service] [           main] o.s.t.web.servlet.TestDispatcherServlet  : Initializing Servlet ''
2026-05-19T17:34:06.319+05:30  INFO 12884 --- [webhook-service] [           main] o.s.t.web.servlet.TestDispatcherServlet  : Completed initialization in 5 ms
2026-05-19T17:34:07.146+05:30  WARN 12884 --- [webhook-service] [           main] iguration$LoadBalancerCaffeineWarnLogger : Spring Cloud LoadBalancer is currently working with the default cache. While this cache implementation is useful for development and tests, it's recommended to use Caffeine cache in production.You can switch to using Caffeine cache, by adding it and org.springframework.cache.caffeine.CaffeineCacheManager to the classpath.
2026-05-19T17:34:07.628+05:30  INFO 12884 --- [webhook-service] [           main] o.a.k.clients.admin.AdminClientConfig    : AdminClientConfig values: 
	auto.include.jmx.reporter = true
	bootstrap.controllers = []
	bootstrap.servers = [localhost:9092]
	client.dns.lookup = use_all_dns_ips
	client.id = webhook-service-admin-0
	connections.max.idle.ms = 300000
	default.api.timeout.ms = 60000
	enable.metrics.push = true
	metadata.max.age.ms = 300000
	metadata.recovery.strategy = none
	metric.reporters = []
	metrics.num.samples = 2
	metrics.recording.level = INFO
	metrics.sample.window.ms = 30000
	receive.buffer.bytes = 65536
	reconnect.backoff.max.ms = 1000
	reconnect.backoff.ms = 50
	request.timeout.ms = 30000
	retries = 2147483647
	retry.backoff.max.ms = 1000
	retry.backoff.ms = 100
	sasl.client.callback.handler.class = null
	sasl.jaas.config = null
	sasl.kerberos.kinit.cmd = /usr/bin/kinit
	sasl.kerberos.min.time.before.relogin = 60000
	sasl.kerberos.service.name = null
	sasl.kerberos.ticket.renew.jitter = 0.05
	sasl.kerberos.ticket.renew.window.factor = 0.8
	sasl.login.callback.handler.class = null
	sasl.login.class = null
	sasl.login.connect.timeout.ms = null
	sasl.login.read.timeout.ms = null
	sasl.login.refresh.buffer.seconds = 300
	sasl.login.refresh.min.period.seconds = 60
	sasl.login.refresh.window.factor = 0.8
	sasl.login.refresh.window.jitter = 0.05
	sasl.login.retry.backoff.max.ms = 10000
	sasl.login.retry.backoff.ms = 100
	sasl.mechanism = GSSAPI
	sasl.oauthbearer.clock.skew.seconds = 30
	sasl.oauthbearer.expected.audience = null
	sasl.oauthbearer.expected.issuer = null
	sasl.oauthbearer.header.urlencode = false
	sasl.oauthbearer.jwks.endpoint.refresh.ms = 3600000
	sasl.oauthbearer.jwks.endpoint.retry.backoff.max.ms = 10000
	sasl.oauthbearer.jwks.endpoint.retry.backoff.ms = 100
	sasl.oauthbearer.jwks.endpoint.url = null
	sasl.oauthbearer.scope.claim.name = scope
	sasl.oauthbearer.sub.claim.name = sub
	sasl.oauthbearer.token.endpoint.url = null
	security.protocol = PLAINTEXT
	security.providers = null
	send.buffer.bytes = 131072
	socket.connection.setup.timeout.max.ms = 30000
	socket.connection.setup.timeout.ms = 10000
	ssl.cipher.suites = null
	ssl.enabled.protocols = [TLSv1.2, TLSv1.3]
	ssl.endpoint.identification.algorithm = https
	ssl.engine.factory.class = null
	ssl.key.password = null
	ssl.keymanager.algorithm = SunX509
	ssl.keystore.certificate.chain = null
	ssl.keystore.key = null
	ssl.keystore.location = null
	ssl.keystore.password = null
	ssl.keystore.type = JKS
	ssl.protocol = TLSv1.3
	ssl.provider = null
	ssl.secure.random.implementation = null
	ssl.trustmanager.algorithm = PKIX
	ssl.truststore.certificates = null
	ssl.truststore.location = null
	ssl.truststore.password = null
	ssl.truststore.type = JKS

2026-05-19T17:34:11.954+05:30  INFO 12884 --- [webhook-service] [           main] o.a.kafka.common.utils.AppInfoParser     : Kafka version: 3.9.1
2026-05-19T17:34:11.999+05:30  INFO 12884 --- [webhook-service] [           main] o.a.kafka.common.utils.AppInfoParser     : Kafka commitId: f745dfdcee2b9851
2026-05-19T17:34:12.149+05:30  INFO 12884 --- [webhook-service] [           main] o.a.kafka.common.utils.AppInfoParser     : Kafka startTimeMs: 1779192251919
2026-05-19T17:34:23.292+05:30  INFO 12884 --- [webhook-service] [service-admin-0] o.a.kafka.common.utils.AppInfoParser     : App info kafka.admin.client for webhook-service-admin-0 unregistered
2026-05-19T17:34:23.308+05:30  INFO 12884 --- [webhook-service] [service-admin-0] o.apache.kafka.common.metrics.Metrics    : Metrics scheduler closed
2026-05-19T17:34:23.309+05:30  INFO 12884 --- [webhook-service] [service-admin-0] o.apache.kafka.common.metrics.Metrics    : Closing reporter org.apache.kafka.common.metrics.JmxReporter
2026-05-19T17:34:23.310+05:30  INFO 12884 --- [webhook-service] [service-admin-0] o.apache.kafka.common.metrics.Metrics    : Metrics reporters closed
2026-05-19T17:34:23.402+05:30  INFO 12884 --- [webhook-service] [           main] c.a.webhook.e2e.WebhookE2ETest           : Started WebhookE2ETest in 30.504 seconds (process running for 35.094)
Loaded secret = my-webhook-secret
2026-05-19T17:34:35.399+05:30  INFO 12884 --- [webhook-service] [           main] c.a.w.controller.WebhookController       : Received GitHub webhook — event type: push, payload size: 276 bytes
2026-05-19T17:34:35.404+05:30  INFO 12884 --- [webhook-service] [           main] c.a.w.controller.WebhookController       : Ignoring non-PR event type: push
]]></system-out>
    <system-err><![CDATA[Mockito is currently self-attaching to enable the inline-mock-maker. This will no longer work in future releases of the JDK. Please add Mockito as an agent to your build as described in Mockito's documentation: https://javadoc.io/doc/org.mockito/mockito-core/latest/org.mockito/org/mockito/Mockito.html#0.3
WARNING: A Java agent has been loaded dynamically (C:\Users\Nikhil\.m2\repository\net\bytebuddy\byte-buddy-agent\1.17.5\byte-buddy-agent-1.17.5.jar)
WARNING: If a serviceability tool is in use, please run with -XX:+EnableDynamicAgentLoading to hide this warning
WARNING: If a serviceability tool is not in use, please run with -Djdk.instrument.traceUsage for more information
WARNING: Dynamic loading of agents will be disallowed by default in a future release
]]></system-err>
  </testcase>
  <testcase name="webhook_validSignature_returns200" classname="com.aicodereview.webhook.e2e.WebhookE2ETest" time="1.285">
    <system-out><![CDATA[Loaded secret = my-webhook-secret
2026-05-19T17:34:35.725+05:30  INFO 12884 --- [webhook-service] [           main] c.a.w.controller.WebhookController       : Received GitHub webhook — event type: pull_request, payload size: 276 bytes
2026-05-19T17:34:36.079+05:30  INFO 12884 --- [webhook-service] [           main] c.a.webhook.service.WebhookService       : PR Event received — action: opened, repo: test-org/test-repo, PR#: 1, by: testuser
2026-05-19T17:34:36.183+05:30  INFO 12884 --- [webhook-service] [           main] o.a.k.clients.producer.ProducerConfig    : ProducerConfig values: 
	acks = -1
	auto.include.jmx.reporter = true
	batch.size = 16384
	bootstrap.servers = [localhost:9092]
	buffer.memory = 33554432
	client.dns.lookup = use_all_dns_ips
	client.id = webhook-service-producer-1
	compression.gzip.level = -1
	compression.lz4.level = 9
	compression.type = none
	compression.zstd.level = 3
	connections.max.idle.ms = 540000
	delivery.timeout.ms = 120000
	enable.idempotence = true
	enable.metrics.push = true
	interceptor.classes = []
	key.serializer = class org.apache.kafka.common.serialization.StringSerializer
	linger.ms = 0
	max.block.ms = 60000
	max.in.flight.requests.per.connection = 5
	max.request.size = 1048576
	metadata.max.age.ms = 300000
	metadata.max.idle.ms = 300000
	metadata.recovery.strategy = none
	metric.reporters = []
	metrics.num.samples = 2
	metrics.recording.level = INFO
	metrics.sample.window.ms = 30000
	partitioner.adaptive.partitioning.enable = true
	partitioner.availability.timeout.ms = 0
	partitioner.class = null
	partitioner.ignore.keys = false
	receive.buffer.bytes = 32768
	reconnect.backoff.max.ms = 1000
	reconnect.backoff.ms = 50
	request.timeout.ms = 30000
	retries = 2147483647
	retry.backoff.max.ms = 1000
	retry.backoff.ms = 100
	sasl.client.callback.handler.class = null
	sasl.jaas.config = null
	sasl.kerberos.kinit.cmd = /usr/bin/kinit
	sasl.kerberos.min.time.before.relogin = 60000
	sasl.kerberos.service.name = null
	sasl.kerberos.ticket.renew.jitter = 0.05
	sasl.kerberos.ticket.renew.window.factor = 0.8
	sasl.login.callback.handler.class = null
	sasl.login.class = null
	sasl.login.connect.timeout.ms = null
	sasl.login.read.timeout.ms = null
	sasl.login.refresh.buffer.seconds = 300
	sasl.login.refresh.min.period.seconds = 60
	sasl.login.refresh.window.factor = 0.8
	sasl.login.refresh.window.jitter = 0.05
	sasl.login.retry.backoff.max.ms = 10000
	sasl.login.retry.backoff.ms = 100
	sasl.mechanism = GSSAPI
	sasl.oauthbearer.clock.skew.seconds = 30
	sasl.oauthbearer.expected.audience = null
	sasl.oauthbearer.expected.issuer = null
	sasl.oauthbearer.header.urlencode = false
	sasl.oauthbearer.jwks.endpoint.refresh.ms = 3600000
	sasl.oauthbearer.jwks.endpoint.retry.backoff.max.ms = 10000
	sasl.oauthbearer.jwks.endpoint.retry.backoff.ms = 100
	sasl.oauthbearer.jwks.endpoint.url = null
	sasl.oauthbearer.scope.claim.name = scope
	sasl.oauthbearer.sub.claim.name = sub
	sasl.oauthbearer.token.endpoint.url = null
	security.protocol = PLAINTEXT
	security.providers = null
	send.buffer.bytes = 131072
	socket.connection.setup.timeout.max.ms = 30000
	socket.connection.setup.timeout.ms = 10000
	ssl.cipher.suites = null
	ssl.enabled.protocols = [TLSv1.2, TLSv1.3]
	ssl.endpoint.identification.algorithm = https
	ssl.engine.factory.class = null
	ssl.key.password = null
	ssl.keymanager.algorithm = SunX509
	ssl.keystore.certificate.chain = null
	ssl.keystore.key = null
	ssl.keystore.location = null
	ssl.keystore.password = null
	ssl.keystore.type = JKS
	ssl.protocol = TLSv1.3
	ssl.provider = null
	ssl.secure.random.implementation = null
	ssl.trustmanager.algorithm = PKIX
	ssl.truststore.certificates = null
	ssl.truststore.location = null
	ssl.truststore.password = null
	ssl.truststore.type = JKS
	transaction.timeout.ms = 60000
	transactional.id = null
	value.serializer = class org.springframework.kafka.support.serializer.JsonSerializer

2026-05-19T17:34:36.379+05:30  INFO 12884 --- [webhook-service] [           main] o.a.k.c.t.i.KafkaMetricsCollector        : initializing Kafka metrics collector
2026-05-19T17:34:36.478+05:30  INFO 12884 --- [webhook-service] [           main] o.a.k.clients.producer.KafkaProducer     : [Producer clientId=webhook-service-producer-1] Instantiated an idempotent producer.
2026-05-19T17:34:36.592+05:30  INFO 12884 --- [webhook-service] [           main] o.a.kafka.common.utils.AppInfoParser     : Kafka version: 3.9.1
2026-05-19T17:34:36.593+05:30  INFO 12884 --- [webhook-service] [           main] o.a.kafka.common.utils.AppInfoParser     : Kafka commitId: f745dfdcee2b9851
2026-05-19T17:34:36.593+05:30  INFO 12884 --- [webhook-service] [           main] o.a.kafka.common.utils.AppInfoParser     : Kafka startTimeMs: 1779192276592
2026-05-19T17:34:36.757+05:30  INFO 12884 --- [webhook-service] [vice-producer-1] org.apache.kafka.clients.Metadata        : [Producer clientId=webhook-service-producer-1] Cluster ID: zGxa1apsSoa-4wY5MlRhfQ
]]></system-out>
  </testcase>
  <testcase name="webhook_missingSignature_returns401" classname="com.aicodereview.webhook.e2e.WebhookE2ETest" time="0.207">
    <system-out><![CDATA[Loaded secret = my-webhook-secret
2026-05-19T17:34:37.014+05:30  INFO 12884 --- [webhook-service] [           main] c.a.w.controller.WebhookController       : Received GitHub webhook — event type: pull_request, payload size: 276 bytes
2026-05-19T17:34:37.015+05:30  WARN 12884 --- [webhook-service] [           main] c.a.w.security.GitHubSignatureValidator  : Missing X-Hub-Signature-256 header
2026-05-19T17:34:37.037+05:30  WARN 12884 --- [webhook-service] [           main] c.a.w.exception.GlobalExceptionHandler   : Invalid signature: Invalid or missing webhook signature
]]></system-out>
  </testcase>
  <testcase name="webhook_invalidSignature_returns401" classname="com.aicodereview.webhook.e2e.WebhookE2ETest" time="0.151">
    <system-out><![CDATA[Loaded secret = my-webhook-secret
2026-05-19T17:34:37.249+05:30  INFO 12884 --- [webhook-service] [           main] c.a.w.controller.WebhookController       : Received GitHub webhook — event type: pull_request, payload size: 276 bytes
2026-05-19T17:34:37.252+05:30  WARN 12884 --- [webhook-service] [           main] c.a.w.security.GitHubSignatureValidator  : Invalid signature format
2026-05-19T17:34:37.254+05:30  WARN 12884 --- [webhook-service] [           main] c.a.w.exception.GlobalExceptionHandler   : Invalid signature: Invalid or missing webhook signature
]]></system-out>
  </testcase>
</testsuite>