<?xml version="1.0" encoding="UTF-8"?>
<testsuite xmlns:xsi="http://www.w3.org/2001/XMLSchema-instance" xsi:noNamespaceSchemaLocation="https://maven.apache.org/surefire/maven-surefire-plugin/xsd/surefire-test-report-3.0.xsd" version="3.0" name="com.aicodereview.webhook.security.GitHubSignatureValidatorTest" time="0.23" tests="5" errors="0" skipped="0" failures="0">
  <properties>
[...]
</properties>
  <testcase name="isValid_wrongSignature_returnsFalse" classname="com.aicodereview.webhook.security.GitHubSignatureValidatorTest" time="0.209">
    <system-out><![CDATA[2026-05-16T16:13:36.526+05:30  WARN 6500 --- [webhook-service] [           main] c.a.w.security.GitHubSignatureValidator  : Invalid signature format
]]></system-out>
  </testcase>
  <testcase name="isValid_emptyPayload_withCorrectSignature_returnsTrue" classname="com.aicodereview.webhook.security.GitHubSignatureValidatorTest" time="0.0"/>
  <testcase name="isValid_correctSignature_returnsTrue" classname="com.aicodereview.webhook.security.GitHubSignatureValidatorTest" time="0.0"/>
  <testcase name="isValid_nullSignature_returnsFalse" classname="com.aicodereview.webhook.security.GitHubSignatureValidatorTest" time="0.001">
    <system-out><![CDATA[2026-05-16T16:13:36.742+05:30  WARN 6500 --- [webhook-service] [           main] c.a.w.security.GitHubSignatureValidator  : Missing X-Hub-Signature-256 header
]]></system-out>
  </testcase>
  <testcase name="isValid_wrongPrefix_returnsFalse" classname="com.aicodereview.webhook.security.GitHubSignatureValidatorTest" time="0.001">
    <system-out><![CDATA[2026-05-16T16:13:36.746+05:30  WARN 6500 --- [webhook-service] [           main] c.a.w.security.GitHubSignatureValidator  : Malformed X-Hub-Signature-256 header
]]></system-out>
  </testcase>
</testsuite>